app/build/outputs/mapping/emptyRelease/configuration.txt
# The proguard configuration file for the following section is emptyRelease\processEmptyReleaseResources\aapt_rules.txt
-keep class cc.nkbr.lanzouplus.DownloadFileProvider { <init>(); }
-keep class cc.nkbr.lanzouplus.LanzouWebActivity { <init>(); }
-keep class cc.nkbr.lanzouplus.MainActivity { <init>(); }
-keep class cc.nkbr.lanzouplus.SupportActivity { <init>(); }
-keep class rikka.shizuku.ShizukuProvider { <init>(); }

# End of content from emptyRelease\processEmptyReleaseResources\aapt_rules.txt
# The proguard configuration file for the following section is default_proguard_files\global\proguard-android-optimize.txt-8.11.0
# This is a configuration file for ProGuard.
# http://proguard.sourceforge.net/index.html#manual/usage.html
#
# Starting with version 2.2 of the Android plugin for Gradle, this file is distributed together with
# the plugin and unpacked at build-time. The files in $ANDROID_HOME are no longer maintained and
# will be ignored by new version of the Android plugin for Gradle.

# Optimizations: If you don't want to optimize, use the proguard-android.txt configuration file
# instead of this one, which turns off the optimization flags.
-allowaccessmodification

# Preserve some attributes that may be required for reflection.
-keepattributes AnnotationDefault,
                EnclosingMethod,
                InnerClasses,
                RuntimeVisibleAnnotations,
                RuntimeVisibleParameterAnnotations,
                RuntimeVisibleTypeAnnotations,
                Signature

-keep public class com.google.vending.licensing.ILicensingService
-keep public class com.android.vending.licensing.ILicensingService
-keep public class com.google.android.vending.licensing.ILicensingService
-dontnote com.android.vending.licensing.ILicensingService
-dontnote com.google.vending.licensing.ILicensingService
-dontnote com.google.android.vending.licensing.ILicensingService

# For native methods, see https://www.guardsquare.com/manual/configuration/examples#native
-keepclasseswithmembernames,includedescriptorclasses class * {
    native <methods>;
}

# Keep setters in Views so that animations can still work.
-keepclassmembers public class * extends android.view.View {
    void set*(***);
    *** get*();
}

# We want to keep methods in Activity that could be used in the XML attribute onClick.
-keepclassmembers class * extends android.app.Activity {
    public void *(android.view.View);
}

# For enumeration classes, see https://www.guardsquare.com/manual/configuration/examples#enumerations
-keepclassmembers enum * {
    public static **[] values();
    public static ** valueOf(java.lang.String);
}

-keepclassmembers class * implements android.os.Parcelable {
    public static final ** CREATOR;
}

# Preserve annotated Javascript interface methods.
-keepclassmembers class * {
    @android.webkit.JavascriptInterface <methods>;
}

# The support libraries contains references to newer platform versions.
# Don't warn about those in case this app is linking against an older
# platform version. We know about them, and they are safe.
-dontnote android.support.**
-dontnote androidx.**
-dontwarn android.support.**
-dontwarn androidx.**

# Understand the @Keep support annotation.
-keep class android.support.annotation.Keep

-keep @android.support.annotation.Keep class * {*;}

-keepclasseswithmembers class * {
    @android.support.annotation.Keep <methods>;
}

-keepclasseswithmembers class * {
    @android.support.annotation.Keep <fields>;
}

-keepclasseswithmembers class * {
    @android.support.annotation.Keep <init>(...);
}

# These classes are duplicated between android.jar and org.apache.http.legacy.jar.
-dontnote org.apache.http.**
-dontnote android.net.http.**

# These classes are duplicated between android.jar and core-lambda-stubs.jar.
-dontnote java.lang.invoke.**

# End of content from default_proguard_files\global\proguard-android-optimize.txt-8.11.0
# The proguard configuration file for the following section is src\app\proguard-rules.pro
# Activity/Provider entry points are retained by the manifest-generated rules.
# Repackage and relax internal access so full-mode R8 can merge the remaining code.
-allowaccessmodification
-repackageclasses x

# Shizuku instantiates this UserService by class name in a shell/root process.
-keep class cc.nkbr.lanzouplus.AdbShellService { public <init>(); public <init>(android.content.Context); *; }

# End of content from src\app\proguard-rules.pro
# The proguard configuration file for the following section is transformed\provider-13.1.5\proguard.txt
-keepnames class moe.shizuku.api.BinderContainer
-keepclassmembers class moe.shizuku.api.BinderContainer {
   public static final android.os.Parcelable$Creator CREATOR;
}
# End of content from transformed\provider-13.1.5\proguard.txt
# The proguard configuration file for the following section is transformed\api-13.1.5\proguard.txt

# End of content from transformed\api-13.1.5\proguard.txt
# The proguard configuration file for the following section is transformed\shared-13.1.5\proguard.txt

# End of content from transformed\shared-13.1.5\proguard.txt
# The proguard configuration file for the following section is META-INF\proguard\androidx-annotations.pro
-keep,allowobfuscation @interface androidx.annotation.Keep
-keep @androidx.annotation.Keep class * {*;}

-keepclasseswithmembers class * {
    @androidx.annotation.Keep <methods>;
}

-keepclasseswithmembers class * {
    @androidx.annotation.Keep <fields>;
}

-keepclasseswithmembers class * {
    @androidx.annotation.Keep <init>(...);
}

-keepclassmembers,allowobfuscation class * {
  @androidx.annotation.DoNotInline <methods>;
}

# End of content from META-INF\proguard\androidx-annotations.pro
# The proguard configuration file for the following section is transformed\aidl-13.1.5\proguard.txt

# End of content from transformed\aidl-13.1.5\proguard.txt
# The proguard configuration file for the following section is <unknown>

# End of content from <unknown>