app/build/outputs/mapping/emptyRelease/mapping.txt
# compiler: R8
# compiler_version: 8.11.18
# min_api: 24
# common_typos_disable
# {"id":"com.android.tools.r8.mapping","version":"2.2"}
# pg_map_id: f321577
# pg_map_hash: SHA-256 f321577e5c7d0e1245f2937274bf5f87db33bf7429cb27e17ecedb08d8f6ad5c
cc.nkbr.lanzouplus.AdbShellManager -> x.g:
    android.content.Context context -> a
    cc.nkbr.lanzouplus.AdbShellManager$Listener listener -> b
      # {"id":"com.android.tools.r8.residualsignature","signature":"Lx/K1;"}
    cc.nkbr.lanzouplus.IAdbShellService service -> c
      # {"id":"com.android.tools.r8.residualsignature","signature":"Lx/U;"}
    cc.nkbr.lanzouplus.AdbShellManager$Snapshot snapshot -> d
      # {"id":"com.android.tools.r8.residualsignature","signature":"Lx/f;"}
    boolean started -> e
    boolean binding -> f
    rikka.shizuku.Shizuku$OnBinderReceivedListener binderReceived -> g
      # {"id":"com.android.tools.r8.residualsignature","signature":"Lx/a;"}
    rikka.shizuku.Shizuku$OnBinderDeadListener binderDead -> h
      # {"id":"com.android.tools.r8.residualsignature","signature":"Lx/b;"}
    rikka.shizuku.Shizuku$OnRequestPermissionResultListener permissionResult -> i
      # {"id":"com.android.tools.r8.residualsignature","signature":"Lx/c;"}
    android.content.ServiceConnection connection -> j
      # {"id":"com.android.tools.r8.residualsignature","signature":"Lx/d;"}
    rikka.shizuku.Shizuku$UserServiceArgs serviceArgs -> k
      # {"id":"com.android.tools.r8.residualsignature","signature":"Lx/j5;"}
    1:60:void <init>(android.content.Context,cc.nkbr.lanzouplus.AdbShellManager$Listener):0:0 -> <init>
      # {"id":"com.android.tools.r8.residualsignature","signature":"(Lcc/nkbr/lanzouplus/MainActivity;Lx/K1;)V"}
cc.nkbr.lanzouplus.AdbShellManager$$ExternalSyntheticLambda0 -> x.a:
# {"id":"sourceFile","fileName":"R8$$SyntheticClass"}
# {"id":"com.android.tools.r8.synthesized"}
    cc.nkbr.lanzouplus.AdbShellManager cc.nkbr.lanzouplus.AdbShellManager$$InternalSyntheticLambda$2$58f7339a05a6f2f230d6734050cac582d6ab07d824138ad11a906108f4344323$0.f$0 -> a
      # {"id":"com.android.tools.r8.residualsignature","signature":"Lx/g;"}
      # {"id":"com.android.tools.r8.synthesized"}
    1:1:void x.AdbShellManager$$ExternalSyntheticLambda0.<init>(x.AdbShellManager):0:0 -> <init>
      # {"id":"com.android.tools.r8.synthesized"}
      # {"id":"com.android.tools.r8.residualsignature","signature":"(Lx/g;)V"}
    1:1:void x.AdbShellManager$$ExternalSyntheticLambda0.onBinderReceived():0:0 -> a
      # {"id":"com.android.tools.r8.synthesized"}
cc.nkbr.lanzouplus.AdbShellManager$$ExternalSyntheticLambda1 -> x.b:
# {"id":"sourceFile","fileName":"R8$$SyntheticClass"}
# {"id":"com.android.tools.r8.synthesized"}
    cc.nkbr.lanzouplus.AdbShellManager cc.nkbr.lanzouplus.AdbShellManager$$InternalSyntheticLambda$2$58f7339a05a6f2f230d6734050cac582d6ab07d824138ad11a906108f4344323$1.f$0 -> a
      # {"id":"com.android.tools.r8.residualsignature","signature":"Lx/g;"}
      # {"id":"com.android.tools.r8.synthesized"}
    1:1:void x.AdbShellManager$$ExternalSyntheticLambda1.<init>(x.AdbShellManager):0:0 -> <init>
      # {"id":"com.android.tools.r8.synthesized"}
      # {"id":"com.android.tools.r8.residualsignature","signature":"(Lx/g;)V"}
cc.nkbr.lanzouplus.AdbShellManager$$ExternalSyntheticLambda2 -> x.c:
# {"id":"sourceFile","fileName":"R8$$SyntheticClass"}
# {"id":"com.android.tools.r8.synthesized"}
    cc.nkbr.lanzouplus.AdbShellManager cc.nkbr.lanzouplus.AdbShellManager$$InternalSyntheticLambda$2$58f7339a05a6f2f230d6734050cac582d6ab07d824138ad11a906108f4344323$2.f$0 -> a
      # {"id":"com.android.tools.r8.residualsignature","signature":"Lx/g;"}
      # {"id":"com.android.tools.r8.synthesized"}
    1:1:void x.AdbShellManager$$ExternalSyntheticLambda2.<init>(x.AdbShellManager):0:0 -> <init>
      # {"id":"com.android.tools.r8.synthesized"}
      # {"id":"com.android.tools.r8.residualsignature","signature":"(Lx/g;)V"}
...
moe.shizuku.server.IShizukuService$Stub$Proxy -> x.V:
# {"id":"sourceFile","fileName":"IShizukuService.java"}
    android.os.IBinder mRemote -> a
    1:4:int addUserService(moe.shizuku.server.IShizukuServiceConnection,android.os.Bundle):530:530 -> a
      # {"id":"com.android.tools.r8.residualsignature","signature":"(Lx/Y5;Landroid/os/Bundle;)I"}
    5:8:int addUserService(moe.shizuku.server.IShizukuServiceConnection,android.os.Bundle):531:531 -> a
    9:13:int addUserService(moe.shizuku.server.IShizukuServiceConnection,android.os.Bundle):534:534 -> a
    14:17:int addUserService(moe.shizuku.server.IShizukuServiceConnection,android.os.Bundle):535:535 -> a
    18:21:int addUserService(moe.shizuku.server.IShizukuServiceConnection,android.os.Bundle):537:537 -> a
    22:24:int addUserService(moe.shizuku.server.IShizukuServiceConnection,android.os.Bundle):538:538 -> a
    25:34:int addUserService(moe.shizuku.server.IShizukuServiceConnection,android.os.Bundle):543:543 -> a
    35:39:int addUserService(moe.shizuku.server.IShizukuServiceConnection,android.os.Bundle):544:544 -> a
    40:42:int addUserService(moe.shizuku.server.IShizukuServiceConnection,android.os.Bundle):547:547 -> a
    43:46:int addUserService(moe.shizuku.server.IShizukuServiceConnection,android.os.Bundle):548:548 -> a
    47:49:int addUserService(moe.shizuku.server.IShizukuServiceConnection,android.os.Bundle):551:551 -> a
moe.shizuku.server.IShizukuServiceConnection$Stub -> x.Y:
# {"id":"sourceFile","fileName":"IShizukuServiceConnection.java"}
    1:1:android.os.IBinder asBinder():47:47 -> asBinder
    1:13:boolean onTransact(int,android.os.Parcel,android.os.Parcel,int):52:52 -> onTransact
    14:18:boolean onTransact(int,android.os.Parcel,android.os.Parcel,int):75:75 -> onTransact
    19:22:boolean onTransact(int,android.os.Parcel,android.os.Parcel,int):56:56 -> onTransact
    23:25:boolean onTransact(int,android.os.Parcel,android.os.Parcel,int):69:69 -> onTransact
    26:28:boolean onTransact(int,android.os.Parcel,android.os.Parcel,int):70:70 -> onTransact
    29:33:void rikka.shizuku.ShizukuServiceConnection.died():70:70 -> onTransact
    29:33:boolean onTransact(int,android.os.Parcel,android.os.Parcel,int):70 -> onTransact
    34:35:void rikka.shizuku.ShizukuServiceConnection.died():71:71 -> onTransact
    34:35:boolean onTransact(int,android.os.Parcel,android.os.Parcel,int):70 -> onTransact
    36:48:void rikka.shizuku.ShizukuServiceConnection.died():73:73 -> onTransact
    36:48:boolean onTransact(int,android.os.Parcel,android.os.Parcel,int):70 -> onTransact
    49:51:boolean onTransact(int,android.os.Parcel,android.os.Parcel,int):61:61 -> onTransact
    52:55:boolean onTransact(int,android.os.Parcel,android.os.Parcel,int):63:63 -> onTransact
    56:58:boolean onTransact(int,android.os.Parcel,android.os.Parcel,int):64:64 -> onTransact