app/build/outputs/mapping/emptyRelease/usage.txt
cc.nkbr.lanzouplus.AdbShellManager:
    static final int PERMISSION_REQUEST
cc.nkbr.lanzouplus.AiChatCore$Message:
    void <init>()
cc.nkbr.lanzouplus.AiChatCore:
    void fetchModels(cc.nkbr.lanzouplus.AiChatCore$ModelsCallback)
cc.nkbr.lanzouplus.AiMarkdown:
    private static final int VIOLET
    void <init>()
cc.nkbr.lanzouplus.AiProviders:
    void <init>()
cc.nkbr.lanzouplus.BuildConfig
cc.nkbr.lanzouplus.DirectCookiePool:
    private static final java.lang.String ENTRY
    static final int HOURLY_DIRECT_LIMIT
    private static final java.lang.String LEGACY_ENTRIES
    private static final java.lang.String PREFS
    static final int PROFILE_UNSPECIFIED
    static final long WINDOW_MS
    cc.nkbr.lanzouplus.DirectCookiePool$Lease acquire(java.util.Set,long)
    private cc.nkbr.lanzouplus.DirectCookiePool$Entry newEntry(long)
    int size()
cc.nkbr.lanzouplus.DirectLinkResolver:
    private static final int CACHE_SCHEMA
    private static final java.lang.String DIRECT
    private static final java.lang.String PASS
    private static final java.lang.String PREFS
    private static final java.lang.String SCHEMA
    private static final java.lang.String TIME
    static final long TTL_MS
    private static final long WORKER_STACK_BYTES
    int effectiveParallelism()
    int parallelism()
    void prewarm(java.lang.String,cc.nkbr.lanzouplus.DirectLinkResolver$Callback)
    void prewarmAll(java.util.Collection)
cc.nkbr.lanzouplus.HeiYaoSkeleton:
    void setRows(int)
cc.nkbr.lanzouplus.IAdbShellService$Default
cc.nkbr.lanzouplus.IAdbShellService$Stub$Proxy:
    public void destroy()
    public java.lang.String getInterfaceDescriptor()
cc.nkbr.lanzouplus.IAdbShellService$_Parcel:
    public void <init>()
cc.nkbr.lanzouplus.IAdbShellService:
    public static final java.lang.String DESCRIPTOR
cc.nkbr.lanzouplus.LanzouCore$NetSession:
    void <init>(java.util.Map,byte)
cc.nkbr.lanzouplus.LanzouCore$SourceProfile:
    void <init>()
cc.nkbr.lanzouplus.LanzouCore:
    private static final java.lang.String ANDROID_UA
    private static final java.lang.String CANONICAL_SOURCE_ORIGIN
    private static final int CLASSIC_ANDROID_INITIAL_PAGE_INTERVAL_MS
    private static final int CLASSIC_ANDROID_NEXT_PAGE_INTERVAL_MS
    private static final int CLASSIC_DESKTOP_INITIAL_PAGE_INTERVAL_MS
    private static final int CLASSIC_DESKTOP_NEXT_PAGE_INTERVAL_MS
    private static final int CLASSIC_REFLOW_ANDROID_INITIAL_PAGE_INTERVAL_MS
    private static final int CLASSIC_REFLOW_ANDROID_NEXT_PAGE_INTERVAL_MS
    private static final java.lang.String COMPOSITE_MEMBER_PREFS
    private static final java.lang.String DESKTOP_EDGE_UA
    private static final java.lang.String DESKTOP_SEARCH_UA
    private static final java.lang.String DIRECTORY_INDEX_PREFS
    private static final int DIRECT_INITIAL_WAIT_MS
    private static final long DIRECT_RESOLVE_TIMEOUT_MS
    private static final int DIRECT_RETRY_WAIT_MS
    private static final int DIRECT_VERIFY_WAIT_MS
    private static final long EXECUTOR_KEEP_ALIVE_SECONDS
    private static final java.lang.String FOLDER_MARKER
    private static final long FOREGROUND_BROWSE_TIMEOUT_MS
    private static final java.lang.String LOCAL_NODE_MARKER
    private static final java.lang.String MASK
    private static final int MAX_PAGE_INTERVAL_MS
    private static final int MAX_SEARCH_INDEX_ITEMS
    private static final long METADATA_BROWSE_TIMEOUT_MS
cc.nkbr.lanzouplus.LanzouWebActivity:
    static final java.lang.String EXTRA_URL
cc.nkbr.lanzouplus.MainActivity$SearchCategoryPicker:
    java.lang.String selected()
...
androidx.annotation.AnimRes
androidx.annotation.AnimatorRes
androidx.annotation.AnyRes
androidx.annotation.AnyThread
androidx.annotation.ArrayRes
androidx.annotation.AttrRes
androidx.annotation.BinderThread
androidx.annotation.BoolRes
androidx.annotation.CallSuper
androidx.annotation.CheckResult
androidx.annotation.ChecksSdkIntAtLeast
androidx.annotation.ColorInt
androidx.annotation.ColorLong
androidx.annotation.ColorRes
androidx.annotation.ContentView
androidx.annotation.DimenRes
androidx.annotation.Dimension
androidx.annotation.Discouraged
androidx.annotation.DisplayContext
androidx.annotation.DoNotInline
androidx.annotation.DrawableRes
androidx.annotation.FloatRange
androidx.annotation.FontRes
androidx.annotation.FractionRes
androidx.annotation.GravityInt
androidx.annotation.GuardedBy
androidx.annotation.HalfFloat
androidx.annotation.IdRes
androidx.annotation.InspectableProperty$EnumEntry
androidx.annotation.InspectableProperty$FlagEntry
androidx.annotation.InspectableProperty$ValueType
androidx.annotation.InspectableProperty
androidx.annotation.IntDef
androidx.annotation.IntRange
androidx.annotation.IntegerRes
androidx.annotation.InterpolatorRes
androidx.annotation.LayoutRes
androidx.annotation.LongDef
androidx.annotation.MainThread
androidx.annotation.MenuRes
androidx.annotation.NavigationRes
androidx.annotation.NonNull
androidx.annotation.NonUiContext
androidx.annotation.Nullable
androidx.annotation.PluralsRes
androidx.annotation.Px
androidx.annotation.RawRes
androidx.annotation.RequiresApi
androidx.annotation.RequiresFeature
androidx.annotation.RequiresPermission$Read
androidx.annotation.RequiresPermission$Write
androidx.annotation.RequiresPermission
androidx.annotation.RestrictTo$Scope
androidx.annotation.RestrictTo
androidx.annotation.Size
androidx.annotation.StringDef
androidx.annotation.StringRes
androidx.annotation.StyleRes
androidx.annotation.StyleableRes
androidx.annotation.TransitionRes
androidx.annotation.UiContext
androidx.annotation.UiThread
androidx.annotation.VisibleForTesting
androidx.annotation.WorkerThread
androidx.annotation.XmlRes
moe.shizuku.server.IRemoteProcess$Default
moe.shizuku.server.IRemoteProcess$Stub$Proxy
moe.shizuku.server.IRemoteProcess$Stub
moe.shizuku.server.IRemoteProcess
moe.shizuku.server.IShizukuApplication$Default
moe.shizuku.server.IShizukuApplication$Stub$Proxy
moe.shizuku.server.IShizukuApplication$Stub:
    private static final java.lang.String DESCRIPTOR
    static final int TRANSACTION_bindApplication
    static final int TRANSACTION_dispatchRequestPermissionResult
    static final int TRANSACTION_showPermissionConfirmation
    public static moe.shizuku.server.IShizukuApplication asInterface(android.os.IBinder)
    public static moe.shizuku.server.IShizukuApplication getDefaultImpl()
    public static boolean setDefaultImpl(moe.shizuku.server.IShizukuApplication)
moe.shizuku.server.IShizukuService$Default
moe.shizuku.server.IShizukuService$Stub$Proxy:
    public void attachApplication(moe.shizuku.server.IShizukuApplication,android.os.Bundle)
    public void attachUserService(android.os.IBinder,android.os.Bundle)
    public int checkPermission(java.lang.String)
    public void dispatchPackageChanged(android.content.Intent)
    public void dispatchPermissionConfirmationResult(int,int,int,android.os.Bundle)
    public void exit()
    public int getFlagsForUid(int,int)
    public java.lang.String getInterfaceDescriptor()
    public java.lang.String getSELinuxContext()
    public java.lang.String getSystemProperty(java.lang.String,java.lang.String)
    public boolean isHidden(int)
    public moe.shizuku.server.IRemoteProcess newProcess(java.lang.String[],java.lang.String[],java.lang.String)
    public void setSystemProperty(java.lang.String,java.lang.String)
    public void updateFlagsForUid(int,int,int)